<?xml version="1.0" encoding="UTF-8"?>
<!-- Generated by org.testng.reporters.JUnitReportReporter -->
<testsuite hostname="LAPTOP-HEGOA5EQ" failures="0" tests="10" name="testscripts.LoginTest" time="61.883" errors="0" timestamp="2023-12-23T23:51:40 IST" skipped="0">
  <testcase classname="testscripts.LoginTest" name="verifyloginUsingDataDriven" time="9.453"/>
  <system-out/>
  <testcase classname="testscripts.LoginTest" name="verifyloginUsingDataDriven" time="8.953"/>
  <system-out/>
  <testcase classname="testscripts.LoginTest" name="verifyloginUsingDataDriven" time="8.638"/>
  <system-out/>
  <testcase classname="testscripts.LoginTest" name="verifyErrorMessages" time="2.062"/>
  <system-out/>
  <testcase classname="testscripts.LoginTest" name="verifyloginUsingDataDriven" time="7.939"/>
  <system-out/>
  <testcase classname="testscripts.LoginTest" name="verifyloginUsingDataDriven" time="7.933"/>
  <system-out/>
  <testcase classname="testscripts.LoginTest" name="verifyloginUsingDataDriven" time="9.392"/>
  <system-out/>
  <testcase classname="testscripts.LoginTest" name="verifyPasswordErrorMessage" time="1.663"/>
  <system-out/>
  <testcase classname="testscripts.LoginTest" name="verifyEmailErrorMessageDisplayed" time="2.133"/>
  <system-out/>
  <testcase classname="testscripts.LoginTest" name="verifyLogin" time="3.717"/>
  <system-out/>
</testsuite> <!-- testscripts.LoginTest -->
